<?xml version="1.0" encoding="UTF-8"?>
<!-- Generated by org.testng.reporters.JUnitXMLReporter -->
<testsuite ignored="0" hostname="Markos-MacBook-Pro.local" failures="0" tests="18" name="Test" time="47.656" errors="0" timestamp="2024-05-15T17:53:54 CEST">
  <testcase classname="SwagLabsProjectTests.LoginTest" name="emptyUserField" time="0.589"/>
  <testcase classname="SwagLabsProjectTests.StandAloneTest" name="firsTest" time="2.24"/>
  <testcase classname="SwagLabsProjectTests.ProdAddAndRemTest" name="caseOne" time="4.397"/>
  <testcase classname="SwagLabsProjectTests.LoginTest" name="incorrectPassword" time="0.74"/>
  <testcase classname="SwagLabsProjectTests.StandAloneTest" name="secondTest" time="2.408"/>
  <testcase classname="SwagLabsProjectTests.LoginTest" name="incorrectUserAndPass" time="0.64"/>
  <testcase classname="SwagLabsProjectTests.ProdAddAndRemTest" name="caseThree" time="3.155"/>
  <testcase classname="SwagLabsProjectTests.LoginTest" name="incorrectUsername" time="0.749"/>
  <testcase classname="SwagLabsProjectTests.ProductPriceConsistencyTest" name="fitstTest" time="2.157"/>
  <testcase classname="SwagLabsProjectTests.ProdAddAndRemTest" name="caseTwo" time="3.337"/>
  <testcase classname="SwagLabsProjectTests.LoginTest" name="lockedUser" time="0.643"/>
  <testcase classname="SwagLabsProjectTests.ProductPriceConsistencyTest" name="secondTest" time="2.93"/>
  <testcase classname="SwagLabsProjectTests.LoginTest" name="pullingDataForLogin" time="0.45"/>
  <testcase classname="SwagLabsProjectTests.LoginTest" name="pullingDataForLogin" time="0.632"/>
  <testcase classname="SwagLabsProjectTests.ProductPriceConsistencyTest" name="thirdTest" time="5.044"/>
  <testcase classname="SwagLabsProjectTests.LoginTest" name="pullingDataForLogin" time="5.456"/>
  <testcase classname="SwagLabsProjectTests.LoginTest" name="pullingDataForLogin" time="0.393"/>
  <testcase classname="SwagLabsProjectTests.LoginTest" name="pullingDataForLogin" time="0.388"/>
</testsuite> <!-- Test -->
