<?xml version="1.0" encoding="UTF-8"?>
<!-- Generated by org.testng.reporters.JUnitXMLReporter -->
<testsuite ignored="0" hostname="Markos-MacBook-Pro.local" failures="0" tests="18" name="Test" time="45.631" errors="0" timestamp="2024-05-13T18:48:04 CEST">
  <testcase classname="SwagLabsProjectTests.LoginTest" name="emptyUserField" time="0.601"/>
  <testcase classname="SwagLabsProjectTests.StandAloneTest" name="firsTest" time="1.938"/>
  <testcase classname="SwagLabsProjectTests.ProdAddAndRemTest" name="caseOne" time="3.999"/>
  <testcase classname="SwagLabsProjectTests.LoginTest" name="incorrectPassword" time="0.385"/>
  <testcase classname="SwagLabsProjectTests.StandAloneTest" name="secondTest" time="2.278"/>
  <testcase classname="SwagLabsProjectTests.LoginTest" name="incorrectUserAndPass" time="0.478"/>
  <testcase classname="SwagLabsProjectTests.ProdAddAndRemTest" name="caseThree" time="2.549"/>
  <testcase classname="SwagLabsProjectTests.LoginTest" name="incorrectUsername" time="0.497"/>
  <testcase classname="SwagLabsProjectTests.ProductPriceConsistencyTest" name="fitstTest" time="1.915"/>
  <testcase classname="SwagLabsProjectTests.ProdAddAndRemTest" name="caseTwo" time="2.626"/>
  <testcase classname="SwagLabsProjectTests.LoginTest" name="lockedUser" time="0.475"/>
  <testcase classname="SwagLabsProjectTests.ProductPriceConsistencyTest" name="secondTest" time="2.859"/>
  <testcase classname="SwagLabsProjectTests.LoginTest" name="pullingDataForLogin" time="0.41"/>
  <testcase classname="SwagLabsProjectTests.LoginTest" name="pullingDataForLogin" time="0.489"/>
  <testcase classname="SwagLabsProjectTests.ProductPriceConsistencyTest" name="thirdTest" time="4.542"/>
  <testcase classname="SwagLabsProjectTests.LoginTest" name="pullingDataForLogin" time="5.407"/>
  <testcase classname="SwagLabsProjectTests.LoginTest" name="pullingDataForLogin" time="0.333"/>
  <testcase classname="SwagLabsProjectTests.LoginTest" name="pullingDataForLogin" time="0.362"/>
</testsuite> <!-- Test -->
