<?xml version="1.0" encoding="UTF-8"?>
<!-- Generated by org.testng.reporters.JUnitXMLReporter -->
<testsuite ignored="0" hostname="Markos-MacBook-Pro.local" failures="0" tests="3" name="Test" time="12.603" errors="0" timestamp="2024-05-13T18:57:55 CEST">
  <testcase classname="SwagLabsProjectTests.ProdAddAndRemTest" name="caseOne" time="2.091"/>
  <testcase classname="SwagLabsProjectTests.ProdAddAndRemTest" name="caseThree" time="1.609"/>
  <testcase classname="SwagLabsProjectTests.ProdAddAndRemTest" name="caseTwo" time="1.561"/>
</testsuite> <!-- Test -->
