<?xml version="1.0" encoding="UTF-8"?>
<!-- Generated by org.testng.reporters.JUnitXMLReporter -->
<testsuite ignored="0" hostname="Markos-MacBook-Pro.local" failures="0" tests="18" name="Surefire test" time="67.844" errors="0" timestamp="2024-05-15T18:02:17 CEST">
  <testcase classname="SwagLabsProjectTests.LoginTest" name="emptyUserField" time="0.394"/>
  <testcase classname="SwagLabsProjectTests.LoginTest" name="incorrectPassword" time="0.376"/>
  <testcase classname="SwagLabsProjectTests.LoginTest" name="incorrectUserAndPass" time="0.376"/>
  <testcase classname="SwagLabsProjectTests.LoginTest" name="incorrectUsername" time="0.365"/>
  <testcase classname="SwagLabsProjectTests.LoginTest" name="lockedUser" time="0.381"/>
  <testcase classname="SwagLabsProjectTests.LoginTest" name="pullingDataForLogin" time="0.417"/>
  <testcase classname="SwagLabsProjectTests.LoginTest" name="pullingDataForLogin" time="0.377"/>
  <testcase classname="SwagLabsProjectTests.LoginTest" name="pullingDataForLogin" time="5.388"/>
  <testcase classname="SwagLabsProjectTests.LoginTest" name="pullingDataForLogin" time="0.409"/>
  <testcase classname="SwagLabsProjectTests.LoginTest" name="pullingDataForLogin" time="0.385"/>
  <testcase classname="SwagLabsProjectTests.ProdAddAndRemTest" name="caseOne" time="1.832"/>
  <testcase classname="SwagLabsProjectTests.ProdAddAndRemTest" name="caseThree" time="1.52"/>
  <testcase classname="SwagLabsProjectTests.ProdAddAndRemTest" name="caseTwo" time="1.51"/>
  <testcase classname="SwagLabsProjectTests.ProductPriceConsistencyTest" name="fitstTest" time="1.084"/>
  <testcase classname="SwagLabsProjectTests.ProductPriceConsistencyTest" name="secondTest" time="1.854"/>
  <testcase classname="SwagLabsProjectTests.ProductPriceConsistencyTest" name="thirdTest" time="3.054"/>
  <testcase classname="SwagLabsProjectTests.StandAloneTest" name="firsTest" time="1.029"/>
  <testcase classname="SwagLabsProjectTests.StandAloneTest" name="secondTest" time="1.147"/>
</testsuite> <!-- Surefire test -->
