<?xml version="1.0" encoding="UTF-8"?>
<!-- Generated by org.testng.reporters.JUnitXMLReporter -->
<testsuite ignored="0" hostname="Markos-MacBook-Pro.local" failures="0" tests="10" name="Default test" time="32.869" errors="0" timestamp="2024-05-25T18:12:53 CEST">
  <testcase classname="SwagLabsProjectTests.LoginTest" name="emptyUserField" time="0.331"/>
  <testcase classname="SwagLabsProjectTests.LoginTest" name="incorrectPassword" time="0.373"/>
  <testcase classname="SwagLabsProjectTests.LoginTest" name="incorrectUserAndPass" time="0.34"/>
  <testcase classname="SwagLabsProjectTests.LoginTest" name="incorrectUsername" time="0.335"/>
  <testcase classname="SwagLabsProjectTests.LoginTest" name="lockedUser" time="0.342"/>
  <testcase classname="SwagLabsProjectTests.LoginTest" name="pullingDataForLogin" time="0.358"/>
  <testcase classname="SwagLabsProjectTests.LoginTest" name="pullingDataForLogin" time="0.337"/>
  <testcase classname="SwagLabsProjectTests.LoginTest" name="pullingDataForLogin" time="5.336"/>
  <testcase classname="SwagLabsProjectTests.LoginTest" name="pullingDataForLogin" time="0.478"/>
  <testcase classname="SwagLabsProjectTests.LoginTest" name="pullingDataForLogin" time="0.325"/>
</testsuite> <!-- Default test -->
