<?xml version="1.0" encoding="UTF-8"?>
<!-- Generated by org.testng.reporters.JUnitXMLReporter -->
<testsuite ignored="0" hostname="Markos-MacBook-Pro.local" failures="0" tests="18" name="Test" time="44.299" errors="0" timestamp="2024-05-13T18:37:13 CEST">
  <testcase classname="SwagLabsProjectTests.LoginTest" name="emptyUserField" time="0.616"/>
  <testcase classname="SwagLabsProjectTests.StandAloneTest" name="firsTest" time="2.147"/>
  <testcase classname="SwagLabsProjectTests.LoginTest" name="incorrectPassword" time="0.47"/>
  <testcase classname="SwagLabsProjectTests.ProdAddAndRemTest" name="caseOne" time="4.688"/>
  <testcase classname="SwagLabsProjectTests.StandAloneTest" name="secondTest" time="1.995"/>
  <testcase classname="SwagLabsProjectTests.LoginTest" name="incorrectUserAndPass" time="0.438"/>
  <testcase classname="SwagLabsProjectTests.ProdAddAndRemTest" name="caseThree" time="2.861"/>
  <testcase classname="SwagLabsProjectTests.ProductPriceConsistencyTest" name="fitstTest" time="1.456"/>
  <testcase classname="SwagLabsProjectTests.LoginTest" name="incorrectUsername" time="0.526"/>
  <testcase classname="SwagLabsProjectTests.ProdAddAndRemTest" name="caseTwo" time="2.577"/>
  <testcase classname="SwagLabsProjectTests.LoginTest" name="lockedUser" time="0.544"/>
  <testcase classname="SwagLabsProjectTests.ProductPriceConsistencyTest" name="secondTest" time="2.75"/>
  <testcase classname="SwagLabsProjectTests.LoginTest" name="pullingDataForLogin" time="0.401"/>
  <testcase classname="SwagLabsProjectTests.LoginTest" name="pullingDataForLogin" time="0.44"/>
  <testcase classname="SwagLabsProjectTests.ProductPriceConsistencyTest" name="thirdTest" time="4.417"/>
  <testcase classname="SwagLabsProjectTests.LoginTest" name="pullingDataForLogin" time="5.387"/>
  <testcase classname="SwagLabsProjectTests.LoginTest" name="pullingDataForLogin" time="0.363"/>
  <testcase classname="SwagLabsProjectTests.LoginTest" name="pullingDataForLogin" time="0.332"/>
</testsuite> <!-- Test -->
