<?xml version="1.0" encoding="UTF-8"?>
<!-- Generated by org.testng.reporters.JUnitXMLReporter -->
<testsuite ignored="0" hostname="Markos-MacBook-Pro.local" failures="0" tests="18" name="Test" time="64.289" errors="0" timestamp="2024-05-23T16:05:24 CEST">
  <testcase classname="SwagLabsProjectTests.StandAloneTest" name="firsTest" time="1.131"/>
  <testcase classname="SwagLabsProjectTests.StandAloneTest" name="secondTest" time="1.237"/>
  <testcase classname="SwagLabsProjectTests.LoginTest" name="emptyUserField" time="0.296"/>
  <testcase classname="SwagLabsProjectTests.LoginTest" name="incorrectPassword" time="0.32"/>
  <testcase classname="SwagLabsProjectTests.LoginTest" name="incorrectUserAndPass" time="0.338"/>
  <testcase classname="SwagLabsProjectTests.LoginTest" name="incorrectUsername" time="0.327"/>
  <testcase classname="SwagLabsProjectTests.LoginTest" name="lockedUser" time="0.414"/>
  <testcase classname="SwagLabsProjectTests.LoginTest" name="pullingDataForLogin" time="0.327"/>
  <testcase classname="SwagLabsProjectTests.LoginTest" name="pullingDataForLogin" time="0.327"/>
  <testcase classname="SwagLabsProjectTests.LoginTest" name="pullingDataForLogin" time="5.323"/>
  <testcase classname="SwagLabsProjectTests.LoginTest" name="pullingDataForLogin" time="0.301"/>
  <testcase classname="SwagLabsProjectTests.LoginTest" name="pullingDataForLogin" time="0.334"/>
  <testcase classname="SwagLabsProjectTests.ProdAddAndRemTest" name="caseOne" time="1.743"/>
  <testcase classname="SwagLabsProjectTests.ProdAddAndRemTest" name="caseThree" time="1.435"/>
  <testcase classname="SwagLabsProjectTests.ProdAddAndRemTest" name="caseTwo" time="1.394"/>
  <testcase classname="SwagLabsProjectTests.ProductPriceConsistencyTest" name="fitstTest" time="0.976"/>
  <testcase classname="SwagLabsProjectTests.ProductPriceConsistencyTest" name="secondTest" time="1.758"/>
  <testcase classname="SwagLabsProjectTests.ProductPriceConsistencyTest" name="thirdTest" time="2.883"/>
</testsuite> <!-- Test -->
