<?xml version="1.0" encoding="UTF-8"?>
<!-- Generated by org.testng.reporters.JUnitXMLReporter -->
<testsuite ignored="0" hostname="Markos-MacBook-Pro.local" failures="3" tests="18" name="Test" time="64.787" errors="0" timestamp="2024-05-25T18:18:46 CEST">
  <testcase classname="SwagLabsProjectTests.StandAloneTest" name="firsTest" time="1.151"/>
  <testcase classname="SwagLabsProjectTests.StandAloneTest" name="secondTest" time="1.226"/>
  <testcase classname="SwagLabsProjectTests.LoginTest" name="emptyUserField" time="0.305"/>
  <testcase classname="SwagLabsProjectTests.LoginTest" name="incorrectPassword" time="0.316">
    <failure type="java.lang.AssertionError" message="expected [Epic sadface: Username and password do not match any user in this seeervice] but found [Epic sadface: Username and password do not match any user in this service]">
      <![CDATA[java.lang.AssertionError: expected [Epic sadface: Username and password do not match any user in this seeervice] but found [Epic sadface: Username and password do not match any user in this service]
at SwagLabsProjectTests.LoginTest.incorrectPassword(LoginTest.java:36)
at java.base/java.util.concurrent.Executors$RunnableAdapter.call(Executors.java:572)
at java.base/java.util.concurrent.FutureTask.run(FutureTask.java:317)
at java.base/java.util.concurrent.ThreadPoolExecutor.runWorker(ThreadPoolExecutor.java:1144)
at java.base/java.util.concurrent.ThreadPoolExecutor$Worker.run(ThreadPoolExecutor.java:642)
at java.base/java.lang.Thread.run(Thread.java:1583)
... Removed 17 stack frames]]>
    </failure>
  </testcase> <!-- incorrectPassword -->
  <testcase classname="SwagLabsProjectTests.LoginTest" name="incorrectUserAndPass" time="0.335">
    <failure type="java.lang.AssertionError" message="expected [Epic sadface: Username and password do not match any user in this seeervice] but found [Epic sadface: Username and password do not match any user in this service]">
      <![CDATA[java.lang.AssertionError: expected [Epic sadface: Username and password do not match any user in this seeervice] but found [Epic sadface: Username and password do not match any user in this service]
at SwagLabsProjectTests.LoginTest.incorrectUserAndPass(LoginTest.java:43)
at java.base/java.util.concurrent.Executors$RunnableAdapter.call(Executors.java:572)
at java.base/java.util.concurrent.FutureTask.run(FutureTask.java:317)
at java.base/java.util.concurrent.ThreadPoolExecutor.runWorker(ThreadPoolExecutor.java:1144)
at java.base/java.util.concurrent.ThreadPoolExecutor$Worker.run(ThreadPoolExecutor.java:642)
at java.base/java.lang.Thread.run(Thread.java:1583)
... Removed 17 stack frames]]>
    </failure>
  </testcase> <!-- incorrectUserAndPass -->
  <testcase classname="SwagLabsProjectTests.LoginTest" name="incorrectUsername" time="0.335">
    <failure type="java.lang.AssertionError" message="expected [Epic sadface: Username and password do not match any user in this seeervice] but found [Epic sadface: Username and password do not match any user in this service]">
      <![CDATA[java.lang.AssertionError: expected [Epic sadface: Username and password do not match any user in this seeervice] but found [Epic sadface: Username and password do not match any user in this service]
at SwagLabsProjectTests.LoginTest.incorrectUsername(LoginTest.java:29)
at java.base/java.util.concurrent.Executors$RunnableAdapter.call(Executors.java:572)
at java.base/java.util.concurrent.FutureTask.run(FutureTask.java:317)
at java.base/java.util.concurrent.ThreadPoolExecutor.runWorker(ThreadPoolExecutor.java:1144)
at java.base/java.util.concurrent.ThreadPoolExecutor$Worker.run(ThreadPoolExecutor.java:642)
at java.base/java.lang.Thread.run(Thread.java:1583)
... Removed 17 stack frames]]>
    </failure>
  </testcase> <!-- incorrectUsername -->
  <testcase classname="SwagLabsProjectTests.LoginTest" name="lockedUser" time="0.331"/>
  <testcase classname="SwagLabsProjectTests.LoginTest" name="pullingDataForLogin" time="0.349"/>
  <testcase classname="SwagLabsProjectTests.LoginTest" name="pullingDataForLogin" time="0.339"/>
  <testcase classname="SwagLabsProjectTests.LoginTest" name="pullingDataForLogin" time="5.314"/>
  <testcase classname="SwagLabsProjectTests.LoginTest" name="pullingDataForLogin" time="0.348"/>
  <testcase classname="SwagLabsProjectTests.LoginTest" name="pullingDataForLogin" time="0.321"/>
  <testcase classname="SwagLabsProjectTests.ProdAddAndRemTest" name="caseOne" time="1.738"/>
  <testcase classname="SwagLabsProjectTests.ProdAddAndRemTest" name="caseThree" time="1.427"/>
  <testcase classname="SwagLabsProjectTests.ProdAddAndRemTest" name="caseTwo" time="1.388"/>
  <testcase classname="SwagLabsProjectTests.ProductPriceConsistencyTest" name="fitstTest" time="0.978"/>
  <testcase classname="SwagLabsProjectTests.ProductPriceConsistencyTest" name="secondTest" time="1.702"/>
  <testcase classname="SwagLabsProjectTests.ProductPriceConsistencyTest" name="thirdTest" time="2.916"/>
</testsuite> <!-- Test -->
