<?xml version="1.0" encoding="UTF-8"?>
<!-- Generated by org.testng.reporters.JUnitXMLReporter -->
<testsuite ignored="0" hostname="Markos-MacBook-Pro.local" failures="0" tests="18" name="Test" time="44.718" errors="0" timestamp="2024-05-13T17:18:09 CEST">
  <testcase classname="SwagLabsProjectTests.LoginTest" name="emptyUserField" time="0.449"/>
  <testcase classname="SwagLabsProjectTests.StandAloneTest" name="firsTest" time="1.718"/>
  <testcase classname="SwagLabsProjectTests.ProdAddAndRemTest" name="caseOne" time="3.768"/>
  <testcase classname="SwagLabsProjectTests.LoginTest" name="incorrectPassword" time="0.368"/>
  <testcase classname="SwagLabsProjectTests.StandAloneTest" name="secondTest" time="1.787"/>
  <testcase classname="SwagLabsProjectTests.LoginTest" name="incorrectUserAndPass" time="0.527"/>
  <testcase classname="SwagLabsProjectTests.ProdAddAndRemTest" name="caseThree" time="2.708"/>
  <testcase classname="SwagLabsProjectTests.ProductPriceConsistencyTest" name="fitstTest" time="1.606"/>
  <testcase classname="SwagLabsProjectTests.LoginTest" name="incorrectUsername" time="0.458"/>
  <testcase classname="SwagLabsProjectTests.ProdAddAndRemTest" name="caseTwo" time="3.095"/>
  <testcase classname="SwagLabsProjectTests.LoginTest" name="lockedUser" time="0.509"/>
  <testcase classname="SwagLabsProjectTests.ProductPriceConsistencyTest" name="secondTest" time="2.875"/>
  <testcase classname="SwagLabsProjectTests.LoginTest" name="pullingDataForLogin" time="0.461"/>
  <testcase classname="SwagLabsProjectTests.LoginTest" name="pullingDataForLogin" time="0.451"/>
  <testcase classname="SwagLabsProjectTests.ProductPriceConsistencyTest" name="thirdTest" time="4.458"/>
  <testcase classname="SwagLabsProjectTests.LoginTest" name="pullingDataForLogin" time="5.322"/>
  <testcase classname="SwagLabsProjectTests.LoginTest" name="pullingDataForLogin" time="0.349"/>
  <testcase classname="SwagLabsProjectTests.LoginTest" name="pullingDataForLogin" time="0.336"/>
</testsuite> <!-- Test -->
