<?xml version="1.0" encoding="UTF-8"?>
<!-- Generated by org.testng.reporters.JUnitXMLReporter -->
<testsuite ignored="0" hostname="Markos-MacBook-Pro.local" failures="0" tests="16" name="Test" time="43.86" errors="0" timestamp="2024-05-12T22:01:23 CEST">
  <testcase classname="SwagLabsProjectTests.LoginTest" name="emptyUserField" time="0.65"/>
  <testcase classname="SwagLabsProjectTests.StandAloneTest" name="firsTest" time="2.46"/>
  <testcase classname="SwagLabsProjectTests.ProductPriceConsistencyTest" name="fitstTest" time="2.857"/>
  <testcase classname="SwagLabsProjectTests.ProdAddAndRemTest" name="caseOne" time="4.598"/>
  <testcase classname="SwagLabsProjectTests.LoginTest" name="incorrectPassword" time="0.376"/>
  <testcase classname="SwagLabsProjectTests.StandAloneTest" name="secondTest" time="1.747"/>
  <testcase classname="SwagLabsProjectTests.LoginTest" name="incorrectUserAndPass" time="0.413"/>
  <testcase classname="SwagLabsProjectTests.ProdAddAndRemTest" name="caseThree" time="2.184"/>
  <testcase classname="SwagLabsProjectTests.LoginTest" name="incorrectUsername" time="0.409"/>
  <testcase classname="SwagLabsProjectTests.ProdAddAndRemTest" name="caseTwo" time="2.038"/>
  <testcase classname="SwagLabsProjectTests.LoginTest" name="lockedUser" time="0.318"/>
  <testcase classname="SwagLabsProjectTests.LoginTest" name="pullingDataForLogin" time="0.368"/>
  <testcase classname="SwagLabsProjectTests.LoginTest" name="pullingDataForLogin" time="0.339"/>
  <testcase classname="SwagLabsProjectTests.LoginTest" name="pullingDataForLogin" time="5.301"/>
  <testcase classname="SwagLabsProjectTests.LoginTest" name="pullingDataForLogin" time="0.338"/>
  <testcase classname="SwagLabsProjectTests.LoginTest" name="pullingDataForLogin" time="0.311"/>
</testsuite> <!-- Test -->
