<?xml version="1.0" encoding="UTF-8"?>
<!-- Generated by org.testng.reporters.JUnitXMLReporter -->
<testsuite ignored="0" hostname="Markos-MacBook-Pro.local" failures="0" tests="16" name="Test" time="43.232" errors="0" timestamp="2024-05-12T21:30:22 CEST">
  <testcase classname="SwagLabsProjectTests.LoginTest" name="emptyUserField" time="0.681"/>
  <testcase classname="SwagLabsProjectTests.StandAloneTest" name="firsTest" time="2.319"/>
  <testcase classname="SwagLabsProjectTests.ProductPriceConsistencyTest" name="fitstTest" time="2.373"/>
  <testcase classname="SwagLabsProjectTests.ProdAddAndRemTest" name="caseOne" time="4.125"/>
  <testcase classname="SwagLabsProjectTests.LoginTest" name="incorrectPassword" time="0.4"/>
  <testcase classname="SwagLabsProjectTests.StandAloneTest" name="secondTest" time="2.189"/>
  <testcase classname="SwagLabsProjectTests.LoginTest" name="incorrectUserAndPass" time="0.467"/>
  <testcase classname="SwagLabsProjectTests.ProdAddAndRemTest" name="caseThree" time="2.634"/>
  <testcase classname="SwagLabsProjectTests.LoginTest" name="incorrectUsername" time="0.481"/>
  <testcase classname="SwagLabsProjectTests.ProdAddAndRemTest" name="caseTwo" time="2.109"/>
  <testcase classname="SwagLabsProjectTests.LoginTest" name="lockedUser" time="0.428"/>
  <testcase classname="SwagLabsProjectTests.LoginTest" name="pullingDataForLogin" time="0.378"/>
  <testcase classname="SwagLabsProjectTests.LoginTest" name="pullingDataForLogin" time="0.354"/>
  <testcase classname="SwagLabsProjectTests.LoginTest" name="pullingDataForLogin" time="5.339"/>
  <testcase classname="SwagLabsProjectTests.LoginTest" name="pullingDataForLogin" time="0.352"/>
  <testcase classname="SwagLabsProjectTests.LoginTest" name="pullingDataForLogin" time="0.358"/>
</testsuite> <!-- Test -->
