<?xml version="1.0" encoding="UTF-8"?>
<testng-results ignored="0" total="3" passed="3" failed="0" skipped="0">
  <reporter-output>
  </reporter-output>
  <suite started-at="2024-05-13T18:57:43 CEST" name="LoginTests" finished-at="2024-05-13T18:57:55 CEST" duration-ms="12603">
    <groups>
    </groups>
    <test started-at="2024-05-13T18:57:43 CEST" name="Test" finished-at="2024-05-13T18:57:55 CEST" duration-ms="12603">
      <class name="SwagLabsProjectTests.ProdAddAndRemTest">
        <test-method is-config="true" signature="begin()[pri:0, instance:SwagLabsProjectTests.ProdAddAndRemTest@47542153]" started-at="2024-05-13T18:57:43 CEST" name="begin" finished-at="2024-05-13T18:57:45 CEST" duration-ms="2538" status="PASS">
          <reporter-output>
          </reporter-output>
        </test-method> <!-- begin -->
        <test-method signature="caseOne()[pri:0, instance:SwagLabsProjectTests.ProdAddAndRemTest@47542153]" started-at="2024-05-13T18:57:45 CEST" name="caseOne" finished-at="2024-05-13T18:57:47 CEST" duration-ms="2091" status="PASS">
          <reporter-output>
          </reporter-output>
        </test-method> <!-- caseOne -->
        <test-method is-config="true" signature="finish()[pri:0, instance:SwagLabsProjectTests.ProdAddAndRemTest@47542153]" started-at="2024-05-13T18:57:47 CEST" name="finish" finished-at="2024-05-13T18:57:48 CEST" duration-ms="124" status="PASS">
          <reporter-output>
          </reporter-output>
        </test-method> <!-- finish -->
        <test-method is-config="true" signature="begin()[pri:0, instance:SwagLabsProjectTests.ProdAddAndRemTest@47542153]" started-at="2024-05-13T18:57:48 CEST" name="begin" finished-at="2024-05-13T18:57:50 CEST" duration-ms="2166" status="PASS">
          <reporter-output>
          </reporter-output>
        </test-method> <!-- begin -->
        <test-method signature="caseThree()[pri:0, instance:SwagLabsProjectTests.ProdAddAndRemTest@47542153]" started-at="2024-05-13T18:57:50 CEST" name="caseThree" finished-at="2024-05-13T18:57:51 CEST" duration-ms="1609" status="PASS">
          <reporter-output>
          </reporter-output>
        </test-method> <!-- caseThree -->
        <test-method is-config="true" signature="finish()[pri:0, instance:SwagLabsProjectTests.ProdAddAndRemTest@47542153]" started-at="2024-05-13T18:57:51 CEST" name="finish" finished-at="2024-05-13T18:57:51 CEST" duration-ms="118" status="PASS">
          <reporter-output>
          </reporter-output>
        </test-method> <!-- finish -->
        <test-method is-config="true" signature="begin()[pri:0, instance:SwagLabsProjectTests.ProdAddAndRemTest@47542153]" started-at="2024-05-13T18:57:51 CEST" name="begin" finished-at="2024-05-13T18:57:54 CEST" duration-ms="2253" status="PASS">
          <reporter-output>
          </reporter-output>
        </test-method> <!-- begin -->
        <test-method signature="caseTwo()[pri:0, instance:SwagLabsProjectTests.ProdAddAndRemTest@47542153]" started-at="2024-05-13T18:57:54 CEST" name="caseTwo" finished-at="2024-05-13T18:57:55 CEST" duration-ms="1561" status="PASS">
          <reporter-output>
          </reporter-output>
        </test-method> <!-- caseTwo -->
        <test-method is-config="true" signature="finish()[pri:0, instance:SwagLabsProjectTests.ProdAddAndRemTest@47542153]" started-at="2024-05-13T18:57:55 CEST" name="finish" finished-at="2024-05-13T18:57:55 CEST" duration-ms="119" status="PASS">
          <reporter-output>
          </reporter-output>
        </test-method> <!-- finish -->
      </class> <!-- SwagLabsProjectTests.ProdAddAndRemTest -->
    </test> <!-- Test -->
  </suite> <!-- LoginTests -->
</testng-results>
