<?xml version="1.0" encoding="UTF-8"?>
<testsuite xmlns:xsi="http://www.w3.org/2001/XMLSchema-instance" xsi:noNamespaceSchemaLocation="https://maven.apache.org/surefire/maven-surefire-plugin/xsd/surefire-test-report.xsd" name="TestSuite" time="68.22" tests="18" errors="0" skipped="0" failures="0">
  <properties>
[...]
</properties>
  <testcase name="emptyUserField" classname="SwagLabsProjectTests.LoginTest" time="0.395"/>
  <testcase name="incorrectPassword" classname="SwagLabsProjectTests.LoginTest" time="0.377"/>
  <testcase name="incorrectUserAndPass" classname="SwagLabsProjectTests.LoginTest" time="0.376"/>
  <testcase name="incorrectUsername" classname="SwagLabsProjectTests.LoginTest" time="0.366"/>
  <testcase name="lockedUser" classname="SwagLabsProjectTests.LoginTest" time="0.382"/>
  <testcase name="pullingDataForLogin" classname="SwagLabsProjectTests.LoginTest" time="0.416"/>
  <testcase name="pullingDataForLogin" classname="SwagLabsProjectTests.LoginTest" time="0.377"/>
  <testcase name="pullingDataForLogin" classname="SwagLabsProjectTests.LoginTest" time="5.388"/>
  <testcase name="pullingDataForLogin" classname="SwagLabsProjectTests.LoginTest" time="0.409"/>
  <testcase name="pullingDataForLogin" classname="SwagLabsProjectTests.LoginTest" time="0.385"/>
  <testcase name="caseOne" classname="SwagLabsProjectTests.ProdAddAndRemTest" time="1.832"/>
  <testcase name="caseThree" classname="SwagLabsProjectTests.ProdAddAndRemTest" time="1.52"/>
  <testcase name="caseTwo" classname="SwagLabsProjectTests.ProdAddAndRemTest" time="1.511"/>
  <testcase name="fitstTest" classname="SwagLabsProjectTests.ProductPriceConsistencyTest" time="1.084"/>
  <testcase name="secondTest" classname="SwagLabsProjectTests.ProductPriceConsistencyTest" time="1.854"/>
  <testcase name="thirdTest" classname="SwagLabsProjectTests.ProductPriceConsistencyTest" time="3.054"/>
  <testcase name="firsTest" classname="SwagLabsProjectTests.StandAloneTest" time="1.029"/>
  <testcase name="secondTest" classname="SwagLabsProjectTests.StandAloneTest" time="1.148"/>
</testsuite>