<?xml version="1.0" encoding="UTF-8"?>
<!-- Generated by org.testng.reporters.JUnitXMLReporter -->
<testsuite ignored="0" hostname="Markos-MacBook-Pro.local" failures="0" tests="11" name="Test" time="34.894" errors="0" timestamp="2024-05-08T15:35:40 CEST">
  <testcase classname="SwagLabsProjectTests.LoginTest" name="emptyUserField" time="0.333"/>
  <testcase classname="SwagLabsProjectTests.LoginTest" name="incorrectPassword" time="0.341"/>
  <testcase classname="SwagLabsProjectTests.LoginTest" name="incorrectUserAndPass" time="0.327"/>
  <testcase classname="SwagLabsProjectTests.LoginTest" name="incorrectUsername" time="0.339"/>
  <testcase classname="SwagLabsProjectTests.LoginTest" name="lockedUser" time="0.356"/>
  <testcase classname="SwagLabsProjectTests.LoginTest" name="pullingDataForLogin" time="0.34"/>
  <testcase classname="SwagLabsProjectTests.LoginTest" name="pullingDataForLogin" time="0.305"/>
  <testcase classname="SwagLabsProjectTests.LoginTest" name="pullingDataForLogin" time="0.343"/>
  <testcase classname="SwagLabsProjectTests.LoginTest" name="pullingDataForLogin" time="5.329"/>
  <testcase classname="SwagLabsProjectTests.LoginTest" name="pullingDataForLogin" time="0.307"/>
  <testcase classname="SwagLabsProjectTests.LoginTest" name="pullingDataForLogin" time="0.302"/>
</testsuite> <!-- Test -->
