<?xml version="1.0" encoding="UTF-8"?>
<testng-results ignored="0" total="3" passed="3" failed="0" skipped="0">
  <reporter-output>
  </reporter-output>
  <suite started-at="2024-05-13T16:24:52 CEST" name="Default suite" finished-at="2024-05-13T16:25:06 CEST" duration-ms="13295">
    <groups>
    </groups>
    <test started-at="2024-05-13T16:24:52 CEST" name="Default test" finished-at="2024-05-13T16:25:06 CEST" duration-ms="13295">
      <class name="SwagLabsProjectTests.ProductPriceConsistencyTest">
        <test-method is-config="true" signature="begin()[pri:0, instance:SwagLabsProjectTests.ProductPriceConsistencyTest@6eda5c9]" started-at="2024-05-13T16:24:52 CEST" name="begin" finished-at="2024-05-13T16:24:55 CEST" duration-ms="2523" status="PASS">
          <reporter-output>
          </reporter-output>
        </test-method> <!-- begin -->
        <test-method signature="fitstTest()[pri:0, instance:SwagLabsProjectTests.ProductPriceConsistencyTest@6eda5c9]" started-at="2024-05-13T16:24:55 CEST" name="fitstTest" finished-at="2024-05-13T16:24:56 CEST" duration-ms="1083" status="PASS">
          <reporter-output>
          </reporter-output>
        </test-method> <!-- fitstTest -->
        <test-method is-config="true" signature="finish()[pri:0, instance:SwagLabsProjectTests.ProductPriceConsistencyTest@6eda5c9]" started-at="2024-05-13T16:24:56 CEST" name="finish" finished-at="2024-05-13T16:24:56 CEST" duration-ms="122" status="PASS">
          <reporter-output>
          </reporter-output>
        </test-method> <!-- finish -->
        <test-method is-config="true" signature="begin()[pri:0, instance:SwagLabsProjectTests.ProductPriceConsistencyTest@6eda5c9]" started-at="2024-05-13T16:24:56 CEST" name="begin" finished-at="2024-05-13T16:24:58 CEST" duration-ms="2171" status="PASS">
          <reporter-output>
          </reporter-output>
        </test-method> <!-- begin -->
        <test-method signature="secondTest()[pri:0, instance:SwagLabsProjectTests.ProductPriceConsistencyTest@6eda5c9]" started-at="2024-05-13T16:24:58 CEST" name="secondTest" finished-at="2024-05-13T16:25:00 CEST" duration-ms="1832" status="PASS">
          <reporter-output>
          </reporter-output>
        </test-method> <!-- secondTest -->
        <test-method is-config="true" signature="finish()[pri:0, instance:SwagLabsProjectTests.ProductPriceConsistencyTest@6eda5c9]" started-at="2024-05-13T16:25:00 CEST" name="finish" finished-at="2024-05-13T16:25:00 CEST" duration-ms="117" status="PASS">
          <reporter-output>
          </reporter-output>
        </test-method> <!-- finish -->
        <test-method is-config="true" signature="begin()[pri:0, instance:SwagLabsProjectTests.ProductPriceConsistencyTest@6eda5c9]" started-at="2024-05-13T16:25:00 CEST" name="begin" finished-at="2024-05-13T16:25:02 CEST" duration-ms="2291" status="PASS">
          <reporter-output>
          </reporter-output>
        </test-method> <!-- begin -->
        <test-method signature="thirdTest()[pri:0, instance:SwagLabsProjectTests.ProductPriceConsistencyTest@6eda5c9]" started-at="2024-05-13T16:25:02 CEST" name="thirdTest" finished-at="2024-05-13T16:25:05 CEST" duration-ms="3008" status="PASS">
          <reporter-output>
          </reporter-output>
        </test-method> <!-- thirdTest -->
        <test-method is-config="true" signature="finish()[pri:0, instance:SwagLabsProjectTests.ProductPriceConsistencyTest@6eda5c9]" started-at="2024-05-13T16:25:05 CEST" name="finish" finished-at="2024-05-13T16:25:06 CEST" duration-ms="114" status="PASS">
          <reporter-output>
          </reporter-output>
        </test-method> <!-- finish -->
      </class> <!-- SwagLabsProjectTests.ProductPriceConsistencyTest -->
    </test> <!-- Default test -->
  </suite> <!-- Default suite -->
</testng-results>
