<?xml version="1.0" encoding="UTF-8"?>
<testng-results ignored="0" total="3" passed="3" failed="0" skipped="0">
  <reporter-output>
  </reporter-output>
  <suite started-at="2024-05-13T18:52:58 CEST" name="LoginTests" finished-at="2024-05-13T18:53:11 CEST" duration-ms="12708">
    <groups>
    </groups>
    <test started-at="2024-05-13T18:52:58 CEST" name="Test" finished-at="2024-05-13T18:53:11 CEST" duration-ms="12708">
      <class name="SwagLabsProjectTests.ProdAddAndRemTest">
        <test-method is-config="true" signature="begin()[pri:0, instance:SwagLabsProjectTests.ProdAddAndRemTest@708f5957]" started-at="2024-05-13T18:52:58 CEST" name="begin" finished-at="2024-05-13T18:53:01 CEST" duration-ms="2520" status="PASS">
          <reporter-output>
          </reporter-output>
        </test-method> <!-- begin -->
        <test-method signature="caseOne()[pri:0, instance:SwagLabsProjectTests.ProdAddAndRemTest@708f5957]" started-at="2024-05-13T18:53:01 CEST" name="caseOne" finished-at="2024-05-13T18:53:03 CEST" duration-ms="2107" status="PASS">
          <reporter-output>
          </reporter-output>
        </test-method> <!-- caseOne -->
        <test-method is-config="true" signature="finish()[pri:0, instance:SwagLabsProjectTests.ProdAddAndRemTest@708f5957]" started-at="2024-05-13T18:53:03 CEST" name="finish" finished-at="2024-05-13T18:53:03 CEST" duration-ms="126" status="PASS">
          <reporter-output>
          </reporter-output>
        </test-method> <!-- finish -->
        <test-method is-config="true" signature="begin()[pri:0, instance:SwagLabsProjectTests.ProdAddAndRemTest@708f5957]" started-at="2024-05-13T18:53:03 CEST" name="begin" finished-at="2024-05-13T18:53:05 CEST" duration-ms="2236" status="PASS">
          <reporter-output>
          </reporter-output>
        </test-method> <!-- begin -->
        <test-method signature="caseThree()[pri:0, instance:SwagLabsProjectTests.ProdAddAndRemTest@708f5957]" started-at="2024-05-13T18:53:05 CEST" name="caseThree" finished-at="2024-05-13T18:53:07 CEST" duration-ms="1651" status="PASS">
          <reporter-output>
          </reporter-output>
        </test-method> <!-- caseThree -->
        <test-method is-config="true" signature="finish()[pri:0, instance:SwagLabsProjectTests.ProdAddAndRemTest@708f5957]" started-at="2024-05-13T18:53:07 CEST" name="finish" finished-at="2024-05-13T18:53:07 CEST" duration-ms="154" status="PASS">
          <reporter-output>
          </reporter-output>
        </test-method> <!-- finish -->
        <test-method is-config="true" signature="begin()[pri:0, instance:SwagLabsProjectTests.ProdAddAndRemTest@708f5957]" started-at="2024-05-13T18:53:07 CEST" name="begin" finished-at="2024-05-13T18:53:09 CEST" duration-ms="2200" status="PASS">
          <reporter-output>
          </reporter-output>
        </test-method> <!-- begin -->
        <test-method signature="caseTwo()[pri:0, instance:SwagLabsProjectTests.ProdAddAndRemTest@708f5957]" started-at="2024-05-13T18:53:09 CEST" name="caseTwo" finished-at="2024-05-13T18:53:11 CEST" duration-ms="1562" status="PASS">
          <reporter-output>
          </reporter-output>
        </test-method> <!-- caseTwo -->
        <test-method is-config="true" signature="finish()[pri:0, instance:SwagLabsProjectTests.ProdAddAndRemTest@708f5957]" started-at="2024-05-13T18:53:11 CEST" name="finish" finished-at="2024-05-13T18:53:11 CEST" duration-ms="119" status="PASS">
          <reporter-output>
          </reporter-output>
        </test-method> <!-- finish -->
      </class> <!-- SwagLabsProjectTests.ProdAddAndRemTest -->
    </test> <!-- Test -->
  </suite> <!-- LoginTests -->
</testng-results>
