<?xml version="1.0" encoding="UTF-8"?>
<testng-results ignored="0" total="3" passed="3" failed="0" skipped="0">
  <reporter-output>
  </reporter-output>
  <suite started-at="2024-05-23T16:38:57 CEST" name="Default suite" finished-at="2024-05-23T16:39:10 CEST" duration-ms="12374">
    <groups>
    </groups>
    <test started-at="2024-05-23T16:38:57 CEST" name="Default test" finished-at="2024-05-23T16:39:10 CEST" duration-ms="12374">
      <class name="SwagLabsProjectTests.ProdAddAndRemTest">
        <test-method is-config="true" signature="begin()[pri:0, instance:SwagLabsProjectTests.ProdAddAndRemTest@188715b5]" started-at="2024-05-23T16:38:57 CEST" name="begin" finished-at="2024-05-23T16:39:00 CEST" duration-ms="2542" status="PASS">
          <reporter-output>
          </reporter-output>
        </test-method> <!-- begin -->
        <test-method signature="caseOne()[pri:0, instance:SwagLabsProjectTests.ProdAddAndRemTest@188715b5]" started-at="2024-05-23T16:39:00 CEST" name="caseOne" finished-at="2024-05-23T16:39:02 CEST" duration-ms="1909" status="PASS">
          <reporter-output>
          </reporter-output>
        </test-method> <!-- caseOne -->
        <test-method is-config="true" signature="finish()[pri:0, instance:SwagLabsProjectTests.ProdAddAndRemTest@188715b5]" started-at="2024-05-23T16:39:02 CEST" name="finish" finished-at="2024-05-23T16:39:02 CEST" duration-ms="130" status="PASS">
          <reporter-output>
          </reporter-output>
        </test-method> <!-- finish -->
        <test-method is-config="true" signature="begin()[pri:0, instance:SwagLabsProjectTests.ProdAddAndRemTest@188715b5]" started-at="2024-05-23T16:39:02 CEST" name="begin" finished-at="2024-05-23T16:39:04 CEST" duration-ms="2290" status="PASS">
          <reporter-output>
          </reporter-output>
        </test-method> <!-- begin -->
        <test-method signature="caseThree()[pri:0, instance:SwagLabsProjectTests.ProdAddAndRemTest@188715b5]" started-at="2024-05-23T16:39:04 CEST" name="caseThree" finished-at="2024-05-23T16:39:06 CEST" duration-ms="1511" status="PASS">
          <reporter-output>
          </reporter-output>
        </test-method> <!-- caseThree -->
        <test-method is-config="true" signature="finish()[pri:0, instance:SwagLabsProjectTests.ProdAddAndRemTest@188715b5]" started-at="2024-05-23T16:39:06 CEST" name="finish" finished-at="2024-05-23T16:39:06 CEST" duration-ms="127" status="PASS">
          <reporter-output>
          </reporter-output>
        </test-method> <!-- finish -->
        <test-method is-config="true" signature="begin()[pri:0, instance:SwagLabsProjectTests.ProdAddAndRemTest@188715b5]" started-at="2024-05-23T16:39:06 CEST" name="begin" finished-at="2024-05-23T16:39:08 CEST" duration-ms="2228" status="PASS">
          <reporter-output>
          </reporter-output>
        </test-method> <!-- begin -->
        <test-method signature="caseTwo()[pri:0, instance:SwagLabsProjectTests.ProdAddAndRemTest@188715b5]" started-at="2024-05-23T16:39:08 CEST" name="caseTwo" finished-at="2024-05-23T16:39:10 CEST" duration-ms="1484" status="PASS">
          <reporter-output>
          </reporter-output>
        </test-method> <!-- caseTwo -->
        <test-method is-config="true" signature="finish()[pri:0, instance:SwagLabsProjectTests.ProdAddAndRemTest@188715b5]" started-at="2024-05-23T16:39:10 CEST" name="finish" finished-at="2024-05-23T16:39:10 CEST" duration-ms="119" status="PASS">
          <reporter-output>
          </reporter-output>
        </test-method> <!-- finish -->
      </class> <!-- SwagLabsProjectTests.ProdAddAndRemTest -->
    </test> <!-- Default test -->
  </suite> <!-- Default suite -->
</testng-results>
