<?xml version="1.0" encoding="UTF-8"?>
<testng-results ignored="0" total="18" passed="18" failed="0" skipped="0">
  <reporter-output>
  </reporter-output>
  <suite started-at="2024-05-23T16:04:19 CEST" name="Regression" finished-at="2024-05-23T16:05:23 CEST" duration-ms="64289">
    <groups>
    </groups>
    <test started-at="2024-05-23T16:04:19 CEST" name="Test" finished-at="2024-05-23T16:05:23 CEST" duration-ms="64289">
      <class name="SwagLabsProjectTests.ProductPriceConsistencyTest">
        <test-method is-config="true" signature="begin()[pri:0, instance:SwagLabsProjectTests.ProductPriceConsistencyTest@359df09a]" started-at="2024-05-23T16:05:10 CEST" name="begin" finished-at="2024-05-23T16:05:13 CEST" duration-ms="2310" status="PASS">
          <reporter-output>
          </reporter-output>
        </test-method> <!-- begin -->
        <test-method signature="fitstTest()[pri:0, instance:SwagLabsProjectTests.ProductPriceConsistencyTest@359df09a]" started-at="2024-05-23T16:05:13 CEST" name="fitstTest" finished-at="2024-05-23T16:05:14 CEST" duration-ms="976" status="PASS">
          <reporter-output>
          </reporter-output>
        </test-method> <!-- fitstTest -->
        <test-method is-config="true" signature="finish()[pri:0, instance:SwagLabsProjectTests.ProductPriceConsistencyTest@359df09a]" started-at="2024-05-23T16:05:14 CEST" name="finish" finished-at="2024-05-23T16:05:14 CEST" duration-ms="116" status="PASS">
          <reporter-output>
          </reporter-output>
        </test-method> <!-- finish -->
        <test-method is-config="true" signature="begin()[pri:0, instance:SwagLabsProjectTests.ProductPriceConsistencyTest@359df09a]" started-at="2024-05-23T16:05:14 CEST" name="begin" finished-at="2024-05-23T16:05:16 CEST" duration-ms="2202" status="PASS">
          <reporter-output>
          </reporter-output>
        </test-method> <!-- begin -->
        <test-method signature="secondTest()[pri:0, instance:SwagLabsProjectTests.ProductPriceConsistencyTest@359df09a]" started-at="2024-05-23T16:05:16 CEST" name="secondTest" finished-at="2024-05-23T16:05:18 CEST" duration-ms="1758" status="PASS">
          <reporter-output>
          </reporter-output>
        </test-method> <!-- secondTest -->
        <test-method is-config="true" signature="finish()[pri:0, instance:SwagLabsProjectTests.ProductPriceConsistencyTest@359df09a]" started-at="2024-05-23T16:05:18 CEST" name="finish" finished-at="2024-05-23T16:05:18 CEST" duration-ms="116" status="PASS">
          <reporter-output>
          </reporter-output>
        </test-method> <!-- finish -->
        <test-method is-config="true" signature="begin()[pri:0, instance:SwagLabsProjectTests.ProductPriceConsistencyTest@359df09a]" started-at="2024-05-23T16:05:18 CEST" name="begin" finished-at="2024-05-23T16:05:20 CEST" duration-ms="2382" status="PASS">
          <reporter-output>
          </reporter-output>
        </test-method> <!-- begin -->
        <test-method signature="thirdTest()[pri:0, instance:SwagLabsProjectTests.ProductPriceConsistencyTest@359df09a]" started-at="2024-05-23T16:05:20 CEST" name="thirdTest" finished-at="2024-05-23T16:05:23 CEST" duration-ms="2883" status="PASS">
          <reporter-output>
          </reporter-output>
        </test-method> <!-- thirdTest -->
        <test-method is-config="true" signature="finish()[pri:0, instance:SwagLabsProjectTests.ProductPriceConsistencyTest@359df09a]" started-at="2024-05-23T16:05:23 CEST" name="finish" finished-at="2024-05-23T16:05:23 CEST" duration-ms="119" status="PASS">
          <reporter-output>
          </reporter-output>
        </test-method> <!-- finish -->
      </class> <!-- SwagLabsProjectTests.ProductPriceConsistencyTest -->
      <class name="SwagLabsProjectTests.ProdAddAndRemTest">
        <test-method is-config="true" signature="begin()[pri:0, instance:SwagLabsProjectTests.ProdAddAndRemTest@609e8838]" started-at="2024-05-23T16:04:59 CEST" name="begin" finished-at="2024-05-23T16:05:01 CEST" duration-ms="2236" status="PASS">
          <reporter-output>
          </reporter-output>
        </test-method> <!-- begin -->
        <test-method signature="caseOne()[pri:0, instance:SwagLabsProjectTests.ProdAddAndRemTest@609e8838]" started-at="2024-05-23T16:05:01 CEST" name="caseOne" finished-at="2024-05-23T16:05:03 CEST" duration-ms="1743" status="PASS">
          <reporter-output>
          </reporter-output>
        </test-method> <!-- caseOne -->
        <test-method is-config="true" signature="finish()[pri:0, instance:SwagLabsProjectTests.ProdAddAndRemTest@609e8838]" started-at="2024-05-23T16:05:03 CEST" name="finish" finished-at="2024-05-23T16:05:03 CEST" duration-ms="116" status="PASS">
          <reporter-output>
          </reporter-output>
        </test-method> <!-- finish -->
        <test-method is-config="true" signature="begin()[pri:0, instance:SwagLabsProjectTests.ProdAddAndRemTest@609e8838]" started-at="2024-05-23T16:05:03 CEST" name="begin" finished-at="2024-05-23T16:05:05 CEST" duration-ms="2433" status="PASS">
          <reporter-output>
          </reporter-output>
        </test-method> <!-- begin -->
        <test-method signature="caseThree()[pri:0, instance:SwagLabsProjectTests.ProdAddAndRemTest@609e8838]" started-at="2024-05-23T16:05:05 CEST" name="caseThree" finished-at="2024-05-23T16:05:07 CEST" duration-ms="1435" status="PASS">
          <reporter-output>
          </reporter-output>
        </test-method> <!-- caseThree -->
        <test-method is-config="true" signature="finish()[pri:0, instance:SwagLabsProjectTests.ProdAddAndRemTest@609e8838]" started-at="2024-05-23T16:05:07 CEST" name="finish" finished-at="2024-05-23T16:05:07 CEST" duration-ms="115" status="PASS">
          <reporter-output>
          </reporter-output>
        </test-method> <!-- finish -->
        <test-method is-config="true" signature="begin()[pri:0, instance:SwagLabsProjectTests.ProdAddAndRemTest@609e8838]" started-at="2024-05-23T16:05:07 CEST" name="begin" finished-at="2024-05-23T16:05:09 CEST" duration-ms="2302" status="PASS">
          <reporter-output>
          </reporter-output>
        </test-method> <!-- begin -->
        <test-method signature="caseTwo()[pri:0, instance:SwagLabsProjectTests.ProdAddAndRemTest@609e8838]" started-at="2024-05-23T16:05:09 CEST" name="caseTwo" finished-at="2024-05-23T16:05:10 CEST" duration-ms="1394" status="PASS">
          <reporter-output>
          </reporter-output>
        </test-method> <!-- caseTwo -->
        <test-method is-config="true" signature="finish()[pri:0, instance:SwagLabsProjectTests.ProdAddAndRemTest@609e8838]" started-at="2024-05-23T16:05:10 CEST" name="finish" finished-at="2024-05-23T16:05:10 CEST" duration-ms="122" status="PASS">
          <reporter-output>
          </reporter-output>
        </test-method> <!-- finish -->
      </class> <!-- SwagLabsProjectTests.ProdAddAndRemTest -->
      <class name="SwagLabsProjectTests.LoginTest">
        <test-method is-config="true" signature="begin()[pri:0, instance:SwagLabsProjectTests.LoginTest@2b30a42c]" started-at="2024-05-23T16:04:27 CEST" name="begin" finished-at="2024-05-23T16:04:29 CEST" duration-ms="2238" status="PASS">
          <reporter-output>
          </reporter-output>
        </test-method> <!-- begin -->
        <test-method signature="emptyUserField()[pri:0, instance:SwagLabsProjectTests.LoginTest@2b30a42c]" started-at="2024-05-23T16:04:29 CEST" name="emptyUserField" finished-at="2024-05-23T16:04:29 CEST" duration-ms="296" status="PASS">
          <reporter-output>
          </reporter-output>
        </test-method> <!-- emptyUserField -->
        <test-method is-config="true" signature="finish()[pri:0, instance:SwagLabsProjectTests.LoginTest@2b30a42c]" started-at="2024-05-23T16:04:29 CEST" name="finish" finished-at="2024-05-23T16:04:29 CEST" duration-ms="116" status="PASS">
          <reporter-output>
          </reporter-output>
        </test-method> <!-- finish -->
        <test-method is-config="true" signature="begin()[pri:0, instance:SwagLabsProjectTests.LoginTest@2b30a42c]" started-at="2024-05-23T16:04:29 CEST" name="begin" finished-at="2024-05-23T16:04:32 CEST" duration-ms="2182" status="PASS">
          <reporter-output>
          </reporter-output>
        </test-method> <!-- begin -->
        <test-method signature="incorrectPassword()[pri:0, instance:SwagLabsProjectTests.LoginTest@2b30a42c]" started-at="2024-05-23T16:04:32 CEST" name="incorrectPassword" finished-at="2024-05-23T16:04:32 CEST" duration-ms="320" status="PASS">
          <reporter-output>
          </reporter-output>
        </test-method> <!-- incorrectPassword -->
        <test-method is-config="true" signature="finish()[pri:0, instance:SwagLabsProjectTests.LoginTest@2b30a42c]" started-at="2024-05-23T16:04:32 CEST" name="finish" finished-at="2024-05-23T16:04:32 CEST" duration-ms="125" status="PASS">
          <reporter-output>
          </reporter-output>
        </test-method> <!-- finish -->
        <test-method is-config="true" signature="begin()[pri:0, instance:SwagLabsProjectTests.LoginTest@2b30a42c]" started-at="2024-05-23T16:04:32 CEST" name="begin" finished-at="2024-05-23T16:04:34 CEST" duration-ms="2221" status="PASS">
          <reporter-output>
          </reporter-output>
        </test-method> <!-- begin -->
        <test-method signature="incorrectUserAndPass()[pri:0, instance:SwagLabsProjectTests.LoginTest@2b30a42c]" started-at="2024-05-23T16:04:34 CEST" name="incorrectUserAndPass" finished-at="2024-05-23T16:04:35 CEST" duration-ms="338" status="PASS">
          <reporter-output>
          </reporter-output>
        </test-method> <!-- incorrectUserAndPass -->
        <test-method is-config="true" signature="finish()[pri:0, instance:SwagLabsProjectTests.LoginTest@2b30a42c]" started-at="2024-05-23T16:04:35 CEST" name="finish" finished-at="2024-05-23T16:04:35 CEST" duration-ms="123" status="PASS">
          <reporter-output>
          </reporter-output>
        </test-method> <!-- finish -->
        <test-method is-config="true" signature="begin()[pri:0, instance:SwagLabsProjectTests.LoginTest@2b30a42c]" started-at="2024-05-23T16:04:35 CEST" name="begin" finished-at="2024-05-23T16:04:37 CEST" duration-ms="2132" status="PASS">
          <reporter-output>
          </reporter-output>
        </test-method> <!-- begin -->
        <test-method signature="incorrectUsername()[pri:0, instance:SwagLabsProjectTests.LoginTest@2b30a42c]" started-at="2024-05-23T16:04:37 CEST" name="incorrectUsername" finished-at="2024-05-23T16:04:37 CEST" duration-ms="327" status="PASS">
          <reporter-output>
          </reporter-output>
        </test-method> <!-- incorrectUsername -->
        <test-method is-config="true" signature="finish()[pri:0, instance:SwagLabsProjectTests.LoginTest@2b30a42c]" started-at="2024-05-23T16:04:37 CEST" name="finish" finished-at="2024-05-23T16:04:37 CEST" duration-ms="176" status="PASS">
          <reporter-output>
          </reporter-output>
        </test-method> <!-- finish -->
        <test-method is-config="true" signature="begin()[pri:0, instance:SwagLabsProjectTests.LoginTest@2b30a42c]" started-at="2024-05-23T16:04:37 CEST" name="begin" finished-at="2024-05-23T16:04:40 CEST" duration-ms="2184" status="PASS">
          <reporter-output>
          </reporter-output>
        </test-method> <!-- begin -->
        <test-method signature="lockedUser()[pri:0, instance:SwagLabsProjectTests.LoginTest@2b30a42c]" started-at="2024-05-23T16:04:40 CEST" name="lockedUser" finished-at="2024-05-23T16:04:40 CEST" duration-ms="414" status="PASS">
          <reporter-output>
          </reporter-output>
        </test-method> <!-- lockedUser -->
        <test-method is-config="true" signature="finish()[pri:0, instance:SwagLabsProjectTests.LoginTest@2b30a42c]" started-at="2024-05-23T16:04:40 CEST" name="finish" finished-at="2024-05-23T16:04:40 CEST" duration-ms="124" status="PASS">
          <reporter-output>
          </reporter-output>
        </test-method> <!-- finish -->
        <test-method is-config="true" signature="begin()[pri:0, instance:SwagLabsProjectTests.LoginTest@2b30a42c]" started-at="2024-05-23T16:04:40 CEST" name="begin" finished-at="2024-05-23T16:04:42 CEST" duration-ms="2176" status="PASS">
          <reporter-output>
          </reporter-output>
        </test-method> <!-- begin -->
        <test-method signature="pullingDataForLogin(java.lang.String,java.lang.String)[pri:0, instance:SwagLabsProjectTests.LoginTest@2b30a42c]" started-at="2024-05-23T16:04:42 CEST" name="pullingDataForLogin" data-provider="getData" finished-at="2024-05-23T16:04:43 CEST" duration-ms="327" status="PASS">
          <params>
            <param index="0">
              <value>
                <![CDATA[standard_user]]>
              </value>
            </param>
            <param index="1">
              <value>
                <![CDATA[secret_sauce]]>
              </value>
            </param>
          </params>
          <reporter-output>
          </reporter-output>
        </test-method> <!-- pullingDataForLogin -->
        <test-method is-config="true" signature="finish()[pri:0, instance:SwagLabsProjectTests.LoginTest@2b30a42c]" started-at="2024-05-23T16:04:43 CEST" name="finish" finished-at="2024-05-23T16:04:43 CEST" duration-ms="122" status="PASS">
          <reporter-output>
          </reporter-output>
        </test-method> <!-- finish -->
        <test-method is-config="true" signature="begin()[pri:0, instance:SwagLabsProjectTests.LoginTest@2b30a42c]" started-at="2024-05-23T16:04:43 CEST" name="begin" finished-at="2024-05-23T16:04:45 CEST" duration-ms="2344" status="PASS">
          <reporter-output>
          </reporter-output>
        </test-method> <!-- begin -->
        <test-method signature="pullingDataForLogin(java.lang.String,java.lang.String)[pri:0, instance:SwagLabsProjectTests.LoginTest@2b30a42c]" started-at="2024-05-23T16:04:45 CEST" name="pullingDataForLogin" data-provider="getData" finished-at="2024-05-23T16:04:45 CEST" duration-ms="327" status="PASS">
          <params>
            <param index="0">
              <value>
                <![CDATA[problem_user]]>
              </value>
            </param>
            <param index="1">
              <value>
                <![CDATA[secret_sauce]]>
              </value>
            </param>
          </params>
          <reporter-output>
          </reporter-output>
        </test-method> <!-- pullingDataForLogin -->
        <test-method is-config="true" signature="finish()[pri:0, instance:SwagLabsProjectTests.LoginTest@2b30a42c]" started-at="2024-05-23T16:04:45 CEST" name="finish" finished-at="2024-05-23T16:04:46 CEST" duration-ms="116" status="PASS">
          <reporter-output>
          </reporter-output>
        </test-method> <!-- finish -->
        <test-method is-config="true" signature="begin()[pri:0, instance:SwagLabsProjectTests.LoginTest@2b30a42c]" started-at="2024-05-23T16:04:46 CEST" name="begin" finished-at="2024-05-23T16:04:48 CEST" duration-ms="2188" status="PASS">
          <reporter-output>
          </reporter-output>
        </test-method> <!-- begin -->
        <test-method signature="pullingDataForLogin(java.lang.String,java.lang.String)[pri:0, instance:SwagLabsProjectTests.LoginTest@2b30a42c]" started-at="2024-05-23T16:04:48 CEST" name="pullingDataForLogin" data-provider="getData" finished-at="2024-05-23T16:04:53 CEST" duration-ms="5323" status="PASS">
          <params>
            <param index="0">
              <value>
                <![CDATA[performance_glitch_user]]>
              </value>
            </param>
            <param index="1">
              <value>
                <![CDATA[secret_sauce]]>
              </value>
            </param>
          </params>
          <reporter-output>
          </reporter-output>
        </test-method> <!-- pullingDataForLogin -->
        <test-method is-config="true" signature="finish()[pri:0, instance:SwagLabsProjectTests.LoginTest@2b30a42c]" started-at="2024-05-23T16:04:53 CEST" name="finish" finished-at="2024-05-23T16:04:53 CEST" duration-ms="118" status="PASS">
          <reporter-output>
          </reporter-output>
        </test-method> <!-- finish -->
        <test-method is-config="true" signature="begin()[pri:0, instance:SwagLabsProjectTests.LoginTest@2b30a42c]" started-at="2024-05-23T16:04:53 CEST" name="begin" finished-at="2024-05-23T16:04:55 CEST" duration-ms="2283" status="PASS">
          <reporter-output>
          </reporter-output>
        </test-method> <!-- begin -->
        <test-method signature="pullingDataForLogin(java.lang.String,java.lang.String)[pri:0, instance:SwagLabsProjectTests.LoginTest@2b30a42c]" started-at="2024-05-23T16:04:55 CEST" name="pullingDataForLogin" data-provider="getData" finished-at="2024-05-23T16:04:56 CEST" duration-ms="301" status="PASS">
          <params>
            <param index="0">
              <value>
                <![CDATA[error_user]]>
              </value>
            </param>
            <param index="1">
              <value>
                <![CDATA[secret_sauce]]>
              </value>
            </param>
          </params>
          <reporter-output>
          </reporter-output>
        </test-method> <!-- pullingDataForLogin -->
        <test-method is-config="true" signature="finish()[pri:0, instance:SwagLabsProjectTests.LoginTest@2b30a42c]" started-at="2024-05-23T16:04:56 CEST" name="finish" finished-at="2024-05-23T16:04:56 CEST" duration-ms="116" status="PASS">
          <reporter-output>
          </reporter-output>
        </test-method> <!-- finish -->
        <test-method is-config="true" signature="begin()[pri:0, instance:SwagLabsProjectTests.LoginTest@2b30a42c]" started-at="2024-05-23T16:04:56 CEST" name="begin" finished-at="2024-05-23T16:04:58 CEST" duration-ms="2229" status="PASS">
          <reporter-output>
          </reporter-output>
        </test-method> <!-- begin -->
        <test-method signature="pullingDataForLogin(java.lang.String,java.lang.String)[pri:0, instance:SwagLabsProjectTests.LoginTest@2b30a42c]" started-at="2024-05-23T16:04:58 CEST" name="pullingDataForLogin" data-provider="getData" finished-at="2024-05-23T16:04:58 CEST" duration-ms="334" status="PASS">
          <params>
            <param index="0">
              <value>
                <![CDATA[visual_user]]>
              </value>
            </param>
            <param index="1">
              <value>
                <![CDATA[secret_sauce]]>
              </value>
            </param>
          </params>
          <reporter-output>
          </reporter-output>
        </test-method> <!-- pullingDataForLogin -->
        <test-method is-config="true" signature="finish()[pri:0, instance:SwagLabsProjectTests.LoginTest@2b30a42c]" started-at="2024-05-23T16:04:58 CEST" name="finish" finished-at="2024-05-23T16:04:59 CEST" duration-ms="163" status="PASS">
          <reporter-output>
          </reporter-output>
        </test-method> <!-- finish -->
      </class> <!-- SwagLabsProjectTests.LoginTest -->
      <class name="SwagLabsProjectTests.StandAloneTest">
        <test-method is-config="true" signature="begin()[pri:0, instance:SwagLabsProjectTests.StandAloneTest@5032714f]" started-at="2024-05-23T16:04:19 CEST" name="begin" finished-at="2024-05-23T16:04:22 CEST" duration-ms="2904" status="PASS">
          <reporter-output>
          </reporter-output>
        </test-method> <!-- begin -->
        <test-method signature="firsTest()[pri:0, instance:SwagLabsProjectTests.StandAloneTest@5032714f]" started-at="2024-05-23T16:04:22 CEST" name="firsTest" finished-at="2024-05-23T16:04:23 CEST" duration-ms="1131" status="PASS">
          <reporter-output>
          </reporter-output>
        </test-method> <!-- firsTest -->
        <test-method is-config="true" signature="finish()[pri:0, instance:SwagLabsProjectTests.StandAloneTest@5032714f]" started-at="2024-05-23T16:04:23 CEST" name="finish" finished-at="2024-05-23T16:04:23 CEST" duration-ms="117" status="PASS">
          <reporter-output>
          </reporter-output>
        </test-method> <!-- finish -->
        <test-method is-config="true" signature="begin()[pri:0, instance:SwagLabsProjectTests.StandAloneTest@5032714f]" started-at="2024-05-23T16:04:23 CEST" name="begin" finished-at="2024-05-23T16:04:25 CEST" duration-ms="2175" status="PASS">
          <reporter-output>
          </reporter-output>
        </test-method> <!-- begin -->
        <test-method signature="secondTest()[pri:0, instance:SwagLabsProjectTests.StandAloneTest@5032714f]" started-at="2024-05-23T16:04:25 CEST" name="secondTest" finished-at="2024-05-23T16:04:27 CEST" duration-ms="1237" status="PASS">
          <reporter-output>
          </reporter-output>
        </test-method> <!-- secondTest -->
        <test-method is-config="true" signature="finish()[pri:0, instance:SwagLabsProjectTests.StandAloneTest@5032714f]" started-at="2024-05-23T16:04:27 CEST" name="finish" finished-at="2024-05-23T16:04:27 CEST" duration-ms="119" status="PASS">
          <reporter-output>
          </reporter-output>
        </test-method> <!-- finish -->
      </class> <!-- SwagLabsProjectTests.StandAloneTest -->
    </test> <!-- Test -->
  </suite> <!-- Regression -->
</testng-results>
